2024-03-06 11:22:29 [scrapy] DEBUG: Crawled (200) <GET https://www.jumia.co.ke/lenovo-yoga-thinkpad-11e-x360-intel-celeron-4gb-ram-128gb-ssd-11.6-hdmi-camera-touchscreen-refurbished-164142402.html> (referer: None)
2024-03-06 11:22:29 [scrapy] DEBUG: Scraped from <200 https://www.jumia.co.ke/lenovo-yoga-thinkpad-11e-x360-intel-celeron-4gb-ram-128gb-ssd-11.6-hdmi-camera-touchscreen-refurbished-164142402.html>
{'availability': 'Few units left',
 'product_brand': 'Lenovo',
 'product_image': 'https://ke.jumia.is/unsafe/fit-in/500x500/filters:fill(white)/product/20/4241461/1.jpg?6718',
 'product_name': 'Lenovo  Yoga Thinkpad 11e X360 Intel Celeron 4GB RAM 128GB '
                 'SSD 11.6" HDMI-Camera - Touchscreen - Refurbished',
 'product_price': ' 17,500',
 'product_url': 'https://www.jumia.co.ke/lenovo-yoga-thinkpad-11e-x360-intel-celeron-4gb-ram-128gb-ssd-11.6-hdmi-camera-touchscreen-refurbished-164142402.html'}
2024-03-06 11:22:29 [scrapy] INFO: Closing spider (finished)
2024-03-06 11:22:29 [scrapy] INFO: Stored json feed (1 items) in: tracked_item_data.json
2024-03-06 11:22:29 [scrapy] INFO: Dumping Scrapy stats:
{'downloader/request_bytes': 333,
 'downloader/request_count': 1,
 'downloader/request_method_count/GET': 1,
 'downloader/response_bytes': 33924,
 'downloader/response_count': 1,
 'downloader/response_status_count/200': 1,
 'elapsed_time_seconds': 1.347357,
 'feedexport/success_count/FileFeedStorage': 1,
 'finish_reason': 'finished',
 'finish_time': datetime.datetime(2024, 3, 6, 9, 22, 29, 940364, tzinfo=datetime.timezone.utc),
 'httpcompression/response_bytes': 116443,
 'httpcompression/response_count': 1,
 'item_scraped_count': 1,
 'log_count/DEBUG': 2,
 'log_count/INFO': 8,
 'memusage/max': 78733312,
 'memusage/startup': 78733312,
 'response_received_count': 1,
 'scheduler/dequeued': 1,
 'scheduler/dequeued/memory': 1,
 'scheduler/enqueued': 1,
 'scheduler/enqueued/memory': 1,
 'start_time': datetime.datetime(2024, 3, 6, 9, 22, 28, 593007, tzinfo=datetime.timezone.utc)}
2024-03-06 11:22:29 [scrapy] INFO: Spider closed (finished)
