2024-03-06 11:15:09 [scrapy] DEBUG: Crawled (200) <GET https://www.jumia.co.ke/lenovo-battery-thinkpad-t440s-t450s-t460-x240-x240s-122772007.html> (referer: None)
2024-03-06 11:15:09 [scrapy] DEBUG: Scraped from <200 https://www.jumia.co.ke/lenovo-battery-thinkpad-t440s-t450s-t460-x240-x240s-122772007.html>
{'availability': '3 units left',
 'product_brand': 'Lenovo',
 'product_image': 'https://ke.jumia.is/unsafe/fit-in/500x500/filters:fill(white)/product/70/0277221/1.jpg?7247',
 'product_name': 'Lenovo Battery ThinkPad T440S T450S T460 X240 X240S',
 'product_price': 'KSh 4,499',
 'product_url': 'https://www.jumia.co.ke/lenovo-battery-thinkpad-t440s-t450s-t460-x240-x240s-122772007.html'}
2024-03-06 11:15:09 [scrapy] INFO: Closing spider (finished)
2024-03-06 11:15:09 [scrapy] INFO: Stored json feed (1 items) in: tracked_item_data.json
2024-03-06 11:15:09 [scrapy] INFO: Dumping Scrapy stats:
{'downloader/request_bytes': 282,
 'downloader/request_count': 1,
 'downloader/request_method_count/GET': 1,
 'downloader/response_bytes': 29532,
 'downloader/response_count': 1,
 'downloader/response_status_count/200': 1,
 'elapsed_time_seconds': 2.212951,
 'feedexport/success_count/FileFeedStorage': 1,
 'finish_reason': 'finished',
 'finish_time': datetime.datetime(2024, 3, 6, 9, 15, 9, 194903, tzinfo=datetime.timezone.utc),
 'httpcompression/response_bytes': 105125,
 'httpcompression/response_count': 1,
 'item_scraped_count': 1,
 'log_count/DEBUG': 2,
 'log_count/INFO': 8,
 'memusage/max': 94949376,
 'memusage/startup': 94949376,
 'response_received_count': 1,
 'scheduler/dequeued': 1,
 'scheduler/dequeued/memory': 1,
 'scheduler/enqueued': 1,
 'scheduler/enqueued/memory': 1,
 'start_time': datetime.datetime(2024, 3, 6, 9, 15, 6, 981952, tzinfo=datetime.timezone.utc)}
2024-03-06 11:15:09 [scrapy] INFO: Spider closed (finished)
