2024-03-06 10:33:40 [scrapy] DEBUG: Crawled (200) <GET https://www.jumia.co.ke/lenovo-laptop-charger-complete-with-cable-20v-3.25a-small-pin.-129538796.html> (referer: None)
2024-03-06 10:33:40 [scrapy] DEBUG: Scraped from <200 https://www.jumia.co.ke/lenovo-laptop-charger-complete-with-cable-20v-3.25a-small-pin.-129538796.html>
{'availability': 'Few units left',
 'product_brand': 'Lenovo',
 'product_image': 'https://ke.jumia.is/unsafe/fit-in/500x500/filters:fill(white)/product/69/7835921/1.jpg?4773',
 'product_name': 'Lenovo Laptop Charger Complete With Cable - 20V 3.25A Small '
                 'Pin.',
 'product_price': 'KSh 3,000',
 'product_url': 'https://www.jumia.co.ke/lenovo-laptop-charger-complete-with-cable-20v-3.25a-small-pin.-129538796.html'}
2024-03-06 10:33:40 [scrapy] INFO: Closing spider (finished)
2024-03-06 10:33:40 [scrapy] INFO: Stored json feed (1 items) in: tracked_item_data.json
2024-03-06 10:33:40 [scrapy] INFO: Dumping Scrapy stats:
{'downloader/request_bytes': 293,
 'downloader/request_count': 1,
 'downloader/request_method_count/GET': 1,
 'downloader/response_bytes': 29430,
 'downloader/response_count': 1,
 'downloader/response_status_count/200': 1,
 'elapsed_time_seconds': 1.352518,
 'feedexport/success_count/FileFeedStorage': 1,
 'finish_reason': 'finished',
 'finish_time': datetime.datetime(2024, 3, 6, 8, 33, 40, 977419, tzinfo=datetime.timezone.utc),
 'httpcompression/response_bytes': 104362,
 'httpcompression/response_count': 1,
 'item_scraped_count': 1,
 'log_count/DEBUG': 2,
 'log_count/INFO': 8,
 'memusage/max': 90263552,
 'memusage/startup': 90263552,
 'response_received_count': 1,
 'scheduler/dequeued': 1,
 'scheduler/dequeued/memory': 1,
 'scheduler/enqueued': 1,
 'scheduler/enqueued/memory': 1,
 'start_time': datetime.datetime(2024, 3, 6, 8, 33, 39, 624901, tzinfo=datetime.timezone.utc)}
2024-03-06 10:33:40 [scrapy] INFO: Spider closed (finished)
