2024-03-05 15:55:24 [scrapy] DEBUG: Retrying <GET https://www.jumia.co.ke/lenovo-xg01-earphones-wireless-bluetooth-5.0-headphone-179703402.html> (failed 1 times): User timeout caused connection failure: Getting https://www.jumia.co.ke/lenovo-xg01-earphones-wireless-bluetooth-5.0-headphone-179703402.html took longer than 180.0 seconds..
2024-03-05 15:55:27 [scrapy] DEBUG: Crawled (200) <GET https://www.jumia.co.ke/lenovo-xg01-earphones-wireless-bluetooth-5.0-headphone-179703402.html> (referer: None)
2024-03-05 15:55:28 [scrapy] DEBUG: Scraped from <200 https://www.jumia.co.ke/lenovo-xg01-earphones-wireless-bluetooth-5.0-headphone-179703402.html>
{'availability': 'In stock',
 'product_brand': 'Lenovo',
 'product_image': 'https://ke.jumia.is/unsafe/fit-in/500x500/filters:fill(white)/product/20/4307971/1.jpg?0724',
 'product_name': 'Lenovo XG01 Earphones Wireless Bluetooth 5.0 Headphone',
 'product_price': 'KSh 2,971',
 'product_url': 'https://www.jumia.co.ke/lenovo-xg01-earphones-wireless-bluetooth-5.0-headphone-179703402.html'}
2024-03-05 15:55:28 [scrapy] INFO: Closing spider (finished)
2024-03-05 15:55:28 [scrapy] INFO: Stored json feed (1 items) in: tracked_item_data.json
2024-03-05 15:55:28 [scrapy] INFO: Dumping Scrapy stats:
{'downloader/exception_count': 1,
 'downloader/exception_type_count/twisted.internet.error.TimeoutError': 1,
 'downloader/request_bytes': 570,
 'downloader/request_count': 2,
 'downloader/request_method_count/GET': 2,
 'downloader/response_bytes': 31285,
 'downloader/response_count': 1,
 'downloader/response_status_count/200': 1,
 'elapsed_time_seconds': 184.550838,
 'feedexport/success_count/FileFeedStorage': 1,
 'finish_reason': 'finished',
 'finish_time': datetime.datetime(2024, 3, 5, 13, 55, 28, 362395, tzinfo=datetime.timezone.utc),
 'httpcompression/response_bytes': 117054,
 'httpcompression/response_count': 1,
 'item_scraped_count': 1,
 'log_count/DEBUG': 3,
 'log_count/INFO': 8,
 'memusage/max': 97517568,
 'memusage/startup': 97517568,
 'response_received_count': 1,
 'retry/count': 1,
 'retry/reason_count/twisted.internet.error.TimeoutError': 1,
 'scheduler/dequeued': 2,
 'scheduler/dequeued/memory': 2,
 'scheduler/enqueued': 2,
 'scheduler/enqueued/memory': 2,
 'start_time': datetime.datetime(2024, 3, 5, 13, 52, 23, 811557, tzinfo=datetime.timezone.utc)}
2024-03-05 15:55:28 [scrapy] INFO: Spider closed (finished)
