2024-03-06 11:16:00 [scrapy] DEBUG: Crawled (200) <GET https://ke.jumia.is/unsafe/fit-in/500x500/filters:fill(white)/product/20/4241461/1.jpg?6718> (referer: None)
2024-03-06 11:16:00 [scrapy] ERROR: Spider error processing <GET https://ke.jumia.is/unsafe/fit-in/500x500/filters:fill(white)/product/20/4241461/1.jpg?6718> (referer: None)
Traceback (most recent call last):
  File "/home/colonel/jumia_scrapper/env/lib/python3.11/site-packages/scrapy/utils/defer.py", line 279, in iter_errback
    yield next(it)
          ^^^^^^^^
  File "/home/colonel/jumia_scrapper/env/lib/python3.11/site-packages/scrapy/utils/python.py", line 350, in __next__
    return next(self.data)
           ^^^^^^^^^^^^^^^
  File "/home/colonel/jumia_scrapper/env/lib/python3.11/site-packages/scrapy/utils/python.py", line 350, in __next__
    return next(self.data)
           ^^^^^^^^^^^^^^^
  File "/home/colonel/jumia_scrapper/env/lib/python3.11/site-packages/scrapy/core/spidermw.py", line 106, in process_sync
    for r in iterable:
  File "/home/colonel/jumia_scrapper/env/lib/python3.11/site-packages/scrapy/spidermiddlewares/offsite.py", line 28, in <genexpr>
    return (r for r in result or () if self._filter(r, spider))
           ^^^^^^^^^^^^^^^^^^^^^^^^^^^^^^^^^^^^^^^^^^^^^^^^^^^^
  File "/home/colonel/jumia_scrapper/env/lib/python3.11/site-packages/scrapy/core/spidermw.py", line 106, in process_sync
    for r in iterable:
  File "/home/colonel/jumia_scrapper/env/lib/python3.11/site-packages/scrapy/spidermiddlewares/referer.py", line 352, in <genexpr>
    return (self._set_referer(r, response) for r in result or ())
           ^^^^^^^^^^^^^^^^^^^^^^^^^^^^^^^^^^^^^^^^^^^^^^^^^^^^^^
  File "/home/colonel/jumia_scrapper/env/lib/python3.11/site-packages/scrapy/core/spidermw.py", line 106, in process_sync
    for r in iterable:
  File "/home/colonel/jumia_scrapper/env/lib/python3.11/site-packages/scrapy/spidermiddlewares/urllength.py", line 27, in <genexpr>
    return (r for r in result or () if self._filter(r, spider))
           ^^^^^^^^^^^^^^^^^^^^^^^^^^^^^^^^^^^^^^^^^^^^^^^^^^^^
  File "/home/colonel/jumia_scrapper/env/lib/python3.11/site-packages/scrapy/core/spidermw.py", line 106, in process_sync
    for r in iterable:
  File "/home/colonel/jumia_scrapper/env/lib/python3.11/site-packages/scrapy/spidermiddlewares/depth.py", line 31, in <genexpr>
    return (r for r in result or () if self._filter(r, response, spider))
           ^^^^^^^^^^^^^^^^^^^^^^^^^^^^^^^^^^^^^^^^^^^^^^^^^^^^^^^^^^^^^^
  File "/home/colonel/jumia_scrapper/env/lib/python3.11/site-packages/scrapy/core/spidermw.py", line 106, in process_sync
    for r in iterable:
  File "/home/colonel/jumia_scrapper/specific/specific/spiders/spec.py", line 21, in parse
    products = response.css("article.prd")
               ^^^^^^^^^^^^^^^^^^^^^^^^^^^
  File "/home/colonel/jumia_scrapper/env/lib/python3.11/site-packages/scrapy/http/response/__init__.py", line 143, in css
    raise NotSupported("Response content isn't text")
scrapy.exceptions.NotSupported: Response content isn't text
2024-03-06 11:16:00 [scrapy] INFO: Closing spider (finished)
2024-03-06 11:16:00 [scrapy] INFO: Stored json feed (0 items) in: tracked_item_data.json
2024-03-06 11:16:00 [scrapy] INFO: Dumping Scrapy stats:
{'downloader/request_bytes': 283,
 'downloader/request_count': 1,
 'downloader/request_method_count/GET': 1,
 'downloader/response_bytes': 26628,
 'downloader/response_count': 1,
 'downloader/response_status_count/200': 1,
 'elapsed_time_seconds': 0.602265,
 'feedexport/success_count/FileFeedStorage': 1,
 'finish_reason': 'finished',
 'finish_time': datetime.datetime(2024, 3, 6, 9, 16, 0, 139745, tzinfo=datetime.timezone.utc),
 'log_count/DEBUG': 1,
 'log_count/ERROR': 1,
 'log_count/INFO': 8,
 'memusage/max': 91906048,
 'memusage/startup': 91906048,
 'response_received_count': 1,
 'scheduler/dequeued': 1,
 'scheduler/dequeued/memory': 1,
 'scheduler/enqueued': 1,
 'scheduler/enqueued/memory': 1,
 'spider_exceptions/NotSupported': 1,
 'start_time': datetime.datetime(2024, 3, 6, 9, 15, 59, 537480, tzinfo=datetime.timezone.utc)}
2024-03-06 11:16:00 [scrapy] INFO: Spider closed (finished)
