2024-03-06 11:17:39 [scrapy] DEBUG: Crawled (200) <GET https://www.jumia.co.ke/lenovo-thinkpad-t410-t510-t520-w510-battery.-122632896.html> (referer: None)
2024-03-06 11:17:39 [scrapy] ERROR: Error processing {'availability': 'In stock',
 'product_brand': 'Lenovo',
 'product_image': 'https://ke.jumia.is/unsafe/fit-in/500x500/filters:fill(white)/product/69/8236221/1.jpg?9926',
 'product_name': 'Lenovo ThinkPad T410 T510 T520 W510 Battery.',
 'product_price': 'KSh 6,000',
 'product_url': 'https://www.jumia.co.ke/lenovo-thinkpad-t410-t510-t520-w510-battery.-122632896.html'}
Traceback (most recent call last):
  File "/home/colonel/jumia_scrapper/env/lib/python3.11/site-packages/twisted/internet/defer.py", line 892, in _runCallbacks
    current.result = callback(  # type: ignore[misc]
  File "/home/colonel/jumia_scrapper/env/lib/python3.11/site-packages/scrapy/utils/defer.py", line 340, in f
    return deferred_from_coro(coro_f(*coro_args, **coro_kwargs))
  File "/home/colonel/jumia_scrapper/specific/specific/pipelines.py", line 29, in process_item
    adapter[price_key] = int(value4)
ValueError: invalid literal for int() with base 10: ' 6,000'
2024-03-06 11:17:39 [scrapy] INFO: Closing spider (finished)
2024-03-06 11:17:39 [scrapy] INFO: Stored json feed (0 items) in: tracked_item_data.json
2024-03-06 11:17:39 [scrapy] INFO: Dumping Scrapy stats:
{'downloader/request_bytes': 275,
 'downloader/request_count': 1,
 'downloader/request_method_count/GET': 1,
 'downloader/response_bytes': 29440,
 'downloader/response_count': 1,
 'downloader/response_status_count/200': 1,
 'elapsed_time_seconds': 2.319357,
 'feedexport/success_count/FileFeedStorage': 1,
 'finish_reason': 'finished',
 'finish_time': datetime.datetime(2024, 3, 6, 9, 17, 39, 848008, tzinfo=datetime.timezone.utc),
 'httpcompression/response_bytes': 104082,
 'httpcompression/response_count': 1,
 'log_count/DEBUG': 1,
 'log_count/ERROR': 1,
 'log_count/INFO': 8,
 'memusage/max': 90939392,
 'memusage/startup': 90939392,
 'response_received_count': 1,
 'scheduler/dequeued': 1,
 'scheduler/dequeued/memory': 1,
 'scheduler/enqueued': 1,
 'scheduler/enqueued/memory': 1,
 'start_time': datetime.datetime(2024, 3, 6, 9, 17, 37, 528651, tzinfo=datetime.timezone.utc)}
2024-03-06 11:17:39 [scrapy] INFO: Spider closed (finished)
