2024-03-06 11:25:11 [scrapy] DEBUG: Crawled (200) <GET https://www.jumia.co.ke/lenovo-xg01-earphones-wireless-bluetooth-5.0-headphone-179703402.html> (referer: None)
2024-03-06 11:25:11 [scrapy] DEBUG: Scraped from <200 https://www.jumia.co.ke/lenovo-xg01-earphones-wireless-bluetooth-5.0-headphone-179703402.html>
{'availability': 'In stock',
 'product_brand': 'Lenovo',
 'product_image': 'https://ke.jumia.is/unsafe/fit-in/500x500/filters:fill(white)/product/20/4307971/1.jpg?0724',
 'product_name': 'Lenovo XG01 Earphones Wireless Bluetooth 5.0 Headphone',
 'product_price': 2971.0,
 'product_url': 'https://www.jumia.co.ke/lenovo-xg01-earphones-wireless-bluetooth-5.0-headphone-179703402.html'}
2024-03-06 11:25:11 [scrapy] INFO: Closing spider (finished)
2024-03-06 11:25:11 [scrapy] INFO: Stored json feed (1 items) in: tracked_item_data.json
2024-03-06 11:25:11 [scrapy] INFO: Dumping Scrapy stats:
{'downloader/request_bytes': 285,
 'downloader/request_count': 1,
 'downloader/request_method_count/GET': 1,
 'downloader/response_bytes': 31287,
 'downloader/response_count': 1,
 'downloader/response_status_count/200': 1,
 'elapsed_time_seconds': 1.057471,
 'feedexport/success_count/FileFeedStorage': 1,
 'finish_reason': 'finished',
 'finish_time': datetime.datetime(2024, 3, 6, 9, 25, 11, 983308, tzinfo=datetime.timezone.utc),
 'httpcompression/response_bytes': 117069,
 'httpcompression/response_count': 1,
 'item_scraped_count': 1,
 'log_count/DEBUG': 2,
 'log_count/INFO': 8,
 'memusage/max': 93511680,
 'memusage/startup': 93511680,
 'response_received_count': 1,
 'scheduler/dequeued': 1,
 'scheduler/dequeued/memory': 1,
 'scheduler/enqueued': 1,
 'scheduler/enqueued/memory': 1,
 'start_time': datetime.datetime(2024, 3, 6, 9, 25, 10, 925837, tzinfo=datetime.timezone.utc)}
2024-03-06 11:25:11 [scrapy] INFO: Spider closed (finished)
