2024-03-06 11:16:06 [scrapy] DEBUG: Crawled (200) <GET https://www.jumia.co.ke/lenovo-thinkpad-t410-t510-t520-w510-battery.-122632896.html> (referer: None)
2024-03-06 11:16:06 [scrapy] DEBUG: Scraped from <200 https://www.jumia.co.ke/lenovo-thinkpad-t410-t510-t520-w510-battery.-122632896.html>
{'availability': 'In stock',
 'product_brand': 'Lenovo',
 'product_image': 'https://ke.jumia.is/unsafe/fit-in/500x500/filters:fill(white)/product/69/8236221/1.jpg?9926',
 'product_name': 'Lenovo ThinkPad T410 T510 T520 W510 Battery.',
 'product_price': 'KSh 6,000',
 'product_url': 'https://www.jumia.co.ke/lenovo-thinkpad-t410-t510-t520-w510-battery.-122632896.html'}
2024-03-06 11:16:06 [scrapy] INFO: Closing spider (finished)
2024-03-06 11:16:06 [scrapy] INFO: Stored json feed (1 items) in: tracked_item_data.json
2024-03-06 11:16:06 [scrapy] INFO: Dumping Scrapy stats:
{'downloader/request_bytes': 275,
 'downloader/request_count': 1,
 'downloader/request_method_count/GET': 1,
 'downloader/response_bytes': 29368,
 'downloader/response_count': 1,
 'downloader/response_status_count/200': 1,
 'elapsed_time_seconds': 1.320152,
 'feedexport/success_count/FileFeedStorage': 1,
 'finish_reason': 'finished',
 'finish_time': datetime.datetime(2024, 3, 6, 9, 16, 6, 928520, tzinfo=datetime.timezone.utc),
 'httpcompression/response_bytes': 104068,
 'httpcompression/response_count': 1,
 'item_scraped_count': 1,
 'log_count/DEBUG': 2,
 'log_count/INFO': 8,
 'memusage/max': 94879744,
 'memusage/startup': 94879744,
 'response_received_count': 1,
 'scheduler/dequeued': 1,
 'scheduler/dequeued/memory': 1,
 'scheduler/enqueued': 1,
 'scheduler/enqueued/memory': 1,
 'start_time': datetime.datetime(2024, 3, 6, 9, 16, 5, 608368, tzinfo=datetime.timezone.utc)}
2024-03-06 11:16:06 [scrapy] INFO: Spider closed (finished)
