2024-03-06 11:09:08 [scrapy] DEBUG: Crawled (200) <GET https://www.jumia.co.ke/lenovo-yoga-thinkpad-11e-x360-intel-celeron-4gb-ram-128gb-ssd-11.6-hdmi-camera-touchscreen-refurbished-164142402.html> (referer: None)
2024-03-06 11:09:08 [scrapy] ERROR: Error processing {'availability': 'Few units left',
 'product_brand': 'Lenovo',
 'product_image': 'https://ke.jumia.is/unsafe/fit-in/500x500/filters:fill(white)/product/20/4241461/1.jpg?6718',
 'product_name': 'Lenovo  Yoga Thinkpad 11e X360 Intel Celeron 4GB RAM 128GB '
                 'SSD 11.6" HDMI-Camera - Touchscreen - Refurbished',
 'product_price': 'KSh 17,500',
 'product_url': 'https://www.jumia.co.ke/lenovo-yoga-thinkpad-11e-x360-intel-celeron-4gb-ram-128gb-ssd-11.6-hdmi-camera-touchscreen-refurbished-164142402.html'}
Traceback (most recent call last):
  File "/home/colonel/jumia_scrapper/env/lib/python3.11/site-packages/twisted/internet/defer.py", line 892, in _runCallbacks
    current.result = callback(  # type: ignore[misc]
  File "/home/colonel/jumia_scrapper/env/lib/python3.11/site-packages/scrapy/utils/defer.py", line 340, in f
    return deferred_from_coro(coro_f(*coro_args, **coro_kwargs))
  File "/home/colonel/jumia_scrapper/specific/specific/pipelines.py", line 36, in process_item
    adapter[price_key] = float(value4)
ValueError: could not convert string to float: ' 17,500'
2024-03-06 11:09:08 [scrapy] INFO: Closing spider (finished)
2024-03-06 11:09:08 [scrapy] INFO: Stored json feed (0 items) in: tracked_item_data.json
2024-03-06 11:09:08 [scrapy] INFO: Dumping Scrapy stats:
{'downloader/request_bytes': 333,
 'downloader/request_count': 1,
 'downloader/request_method_count/GET': 1,
 'downloader/response_bytes': 33878,
 'downloader/response_count': 1,
 'downloader/response_status_count/200': 1,
 'elapsed_time_seconds': 2.383962,
 'feedexport/success_count/FileFeedStorage': 1,
 'finish_reason': 'finished',
 'finish_time': datetime.datetime(2024, 3, 6, 9, 9, 8, 604345, tzinfo=datetime.timezone.utc),
 'httpcompression/response_bytes': 116445,
 'httpcompression/response_count': 1,
 'log_count/DEBUG': 1,
 'log_count/ERROR': 1,
 'log_count/INFO': 8,
 'memusage/max': 78409728,
 'memusage/startup': 78409728,
 'response_received_count': 1,
 'scheduler/dequeued': 1,
 'scheduler/dequeued/memory': 1,
 'scheduler/enqueued': 1,
 'scheduler/enqueued/memory': 1,
 'start_time': datetime.datetime(2024, 3, 6, 9, 9, 6, 220383, tzinfo=datetime.timezone.utc)}
2024-03-06 11:09:08 [scrapy] INFO: Spider closed (finished)
