2024-03-06 10:58:55 [scrapy] DEBUG: Crawled (200) <GET https://www.jumia.co.ke/lenovo-battery-thinkpad-t440s-t450s-t460-x240-x240s-122772007.html> (referer: None)
2024-03-06 10:58:55 [scrapy] ERROR: Error processing {'availability': '3 units left',
 'product_brand': 'Lenovo',
 'product_image': 'https://ke.jumia.is/unsafe/fit-in/500x500/filters:fill(white)/product/70/0277221/1.jpg?7247',
 'product_name': 'Lenovo Battery ThinkPad T440S T450S T460 X240 X240S',
 'product_price': 'KSh 4,499',
 'product_url': 'https://www.jumia.co.ke/lenovo-battery-thinkpad-t440s-t450s-t460-x240-x240s-122772007.html'}
Traceback (most recent call last):
  File "/home/colonel/jumia_scrapper/env/lib/python3.11/site-packages/twisted/internet/defer.py", line 892, in _runCallbacks
    current.result = callback(  # type: ignore[misc]
  File "/home/colonel/jumia_scrapper/env/lib/python3.11/site-packages/scrapy/utils/defer.py", line 340, in f
    return deferred_from_coro(coro_f(*coro_args, **coro_kwargs))
  File "/home/colonel/jumia_scrapper/specific/specific/pipelines.py", line 36, in process_item
    adapter[price_key] = float(value4)
ValueError: could not convert string to float: ' 4,499'
2024-03-06 10:58:55 [scrapy] INFO: Closing spider (finished)
2024-03-06 10:58:55 [scrapy] INFO: Stored json feed (0 items) in: tracked_item_data.json
2024-03-06 10:58:55 [scrapy] INFO: Dumping Scrapy stats:
{'downloader/request_bytes': 282,
 'downloader/request_count': 1,
 'downloader/request_method_count/GET': 1,
 'downloader/response_bytes': 29550,
 'downloader/response_count': 1,
 'downloader/response_status_count/200': 1,
 'elapsed_time_seconds': 0.971941,
 'feedexport/success_count/FileFeedStorage': 1,
 'finish_reason': 'finished',
 'finish_time': datetime.datetime(2024, 3, 6, 8, 58, 55, 625356, tzinfo=datetime.timezone.utc),
 'httpcompression/response_bytes': 105138,
 'httpcompression/response_count': 1,
 'log_count/DEBUG': 1,
 'log_count/ERROR': 1,
 'log_count/INFO': 8,
 'memusage/max': 89681920,
 'memusage/startup': 89681920,
 'response_received_count': 1,
 'scheduler/dequeued': 1,
 'scheduler/dequeued/memory': 1,
 'scheduler/enqueued': 1,
 'scheduler/enqueued/memory': 1,
 'start_time': datetime.datetime(2024, 3, 6, 8, 58, 54, 653415, tzinfo=datetime.timezone.utc)}
2024-03-06 10:58:55 [scrapy] INFO: Spider closed (finished)
